<?xml version="1.0" encoding="UTF-8"?>
<!-- Generated by org.testng.reporters.JUnitReportReporter -->
<testsuite skipped="0" hostname="DESKTOP-7H8BUQL" name="qaclickacademy.AppTest" tests="1" failures="0" timestamp="2020-09-09T08:22:44 IST" time="0.024" errors="0">
  <testcase name="shouldAnswerWithTrue" time="0.024" classname="qaclickacademy.AppTest"/>
  <system-out/>
</testsuite> <!-- qaclickacademy.AppTest -->
