<?xml version="1.0" encoding="UTF-8"?>
<!-- Generated by org.testng.reporters.JUnitReportReporter -->
<testsuite skipped="0" hostname="DESKTOP-7H8BUQL" name="qaclickacademy.AppiumTest" tests="2" failures="0" timestamp="2020-09-21T16:34:06 IST" time="0.022" errors="0">
  <testcase name="IOSApps" time="0.018" classname="qaclickacademy.AppiumTest"/>
  <system-out/>
  <testcase name="nativeAppAndroid" time="0.004" classname="qaclickacademy.AppiumTest"/>
  <system-out/>
</testsuite> <!-- qaclickacademy.AppiumTest -->
